<?xml version="1.0" encoding="UTF-8"?>
<testsuite name="guardian-e2e" tests="23" failures="9" errors="0" skipped="0">
  <testcase classname="guardian" name="GUARD-010" time="0.030">
  </testcase>
  <testcase classname="guardian" name="GUARD-020" time="0.029">
  </testcase>
  <testcase classname="guardian" name="EXAMPLE-999__mariadb_10.11__ssl_off" time="0.020">
    <failure message="failed">Artifacts: /var/www/mcp-mysql/tests/e2e_guardian/runs/run-20260308-210221-101828/EXAMPLE-999__mariadb_10.11__ssl_off</failure>
  </testcase>
  <testcase classname="guardian" name="EXAMPLE-999__mariadb_10.11__ssl_files" time="0.020">
    <failure message="failed">Artifacts: /var/www/mcp-mysql/tests/e2e_guardian/runs/run-20260308-210221-101828/EXAMPLE-999__mariadb_10.11__ssl_files</failure>
  </testcase>
  <testcase classname="guardian" name="EXAMPLE-999__mariadb_10.11__ssl_server" time="0.019">
    <failure message="failed">Artifacts: /var/www/mcp-mysql/tests/e2e_guardian/runs/run-20260308-210221-101828/EXAMPLE-999__mariadb_10.11__ssl_server</failure>
  </testcase>
  <testcase classname="guardian" name="EXAMPLE-999__mariadb_11.4__ssl_off" time="0.020">
    <failure message="failed">Artifacts: /var/www/mcp-mysql/tests/e2e_guardian/runs/run-20260308-210221-101828/EXAMPLE-999__mariadb_11.4__ssl_off</failure>
  </testcase>
  <testcase classname="guardian" name="EXAMPLE-999__mariadb_11.4__ssl_files" time="0.022">
    <failure message="failed">Artifacts: /var/www/mcp-mysql/tests/e2e_guardian/runs/run-20260308-210221-101828/EXAMPLE-999__mariadb_11.4__ssl_files</failure>
  </testcase>
  <testcase classname="guardian" name="EXAMPLE-999__mariadb_11.4__ssl_server" time="0.024">
    <failure message="failed">Artifacts: /var/www/mcp-mysql/tests/e2e_guardian/runs/run-20260308-210221-101828/EXAMPLE-999__mariadb_11.4__ssl_server</failure>
  </testcase>
  <testcase classname="guardian" name="EXAMPLE-999__mariadb_11.8__ssl_off" time="0.021">
    <failure message="failed">Artifacts: /var/www/mcp-mysql/tests/e2e_guardian/runs/run-20260308-210221-101828/EXAMPLE-999__mariadb_11.8__ssl_off</failure>
  </testcase>
  <testcase classname="guardian" name="EXAMPLE-999__mariadb_11.8__ssl_files" time="0.020">
    <failure message="failed">Artifacts: /var/www/mcp-mysql/tests/e2e_guardian/runs/run-20260308-210221-101828/EXAMPLE-999__mariadb_11.8__ssl_files</failure>
  </testcase>
  <testcase classname="guardian" name="EXAMPLE-999__mariadb_11.8__ssl_server" time="0.023">
    <failure message="failed">Artifacts: /var/www/mcp-mysql/tests/e2e_guardian/runs/run-20260308-210221-101828/EXAMPLE-999__mariadb_11.8__ssl_server</failure>
  </testcase>
  <testcase classname="guardian" name="GUARD-100" time="0.033">
  </testcase>
  <testcase classname="guardian" name="GUARD-110" time="0.032">
  </testcase>
  <testcase classname="guardian" name="GUARD-900__mariadb_10.11__ssl_off" time="0.039">
  </testcase>
  <testcase classname="guardian" name="GUARD-900__mariadb_10.11__ssl_files" time="0.039">
  </testcase>
  <testcase classname="guardian" name="GUARD-900__mariadb_10.11__ssl_server" time="0.042">
  </testcase>
  <testcase classname="guardian" name="GUARD-900__mariadb_11.4__ssl_off" time="0.038">
  </testcase>
  <testcase classname="guardian" name="GUARD-900__mariadb_11.4__ssl_files" time="0.045">
  </testcase>
  <testcase classname="guardian" name="GUARD-900__mariadb_11.4__ssl_server" time="0.043">
  </testcase>
  <testcase classname="guardian" name="GUARD-900__mariadb_11.8__ssl_off" time="0.045">
  </testcase>
  <testcase classname="guardian" name="GUARD-900__mariadb_11.8__ssl_files" time="0.041">
  </testcase>
  <testcase classname="guardian" name="GUARD-900__mariadb_11.8__ssl_server" time="0.043">
  </testcase>
  <testcase classname="guardian" name="GUARD-001" time="0.031">
  </testcase>
</testsuite>
