<?xml version="1.0" encoding="UTF-8"?>
<testsuite name="guardian-e2e" tests="5" failures="0" errors="0" skipped="0">
  <testcase classname="guardian" name="GUARD-010" time="0.030">
  </testcase>
  <testcase classname="guardian" name="GUARD-020" time="0.040">
  </testcase>
  <testcase classname="guardian" name="GUARD-100" time="0.029">
  </testcase>
  <testcase classname="guardian" name="GUARD-110" time="0.039">
  </testcase>
  <testcase classname="guardian" name="GUARD-001" time="0.030">
  </testcase>
</testsuite>
